生成启动时间为 2018/8/18 13:02:34。
     1>项目“Y:\Projects\GitHub\MessagePacket_for_GE\MessagePacket_for_GE\MessagePacket_for_GE.vcxproj”在节点 2 上(build 个目标)。
     1>InitializeBuildStatus:
         正在创建“Debug\MessagePacket_for_GE.unsuccessfulbuild”，因为已指定“AlwaysCreate”。
       ClCompile:
         C:\Program Files (x86)\Microsoft Visual Studio 10.0\VC\bin\CL.exe /c /ZI /nologo /W3 /WX- /Od /Oy- /D WIN32 /D _DEBUG /D _CONSOLE /D _UNICODE /D UNICODE /Gm /EHsc /RTC1 /MDd /GS /fp:precise /Zc:wchar_t /Zc:forScope /Fo"Debug\\" /Fd"Debug\vc100.pdb" /Gd /TP /analyze- /errorReport:prompt main.cpp
         main.cpp
     1>y:\projects\github\messagepacket_for_ge\messagepacket_for_ge\main.cpp(35): warning C4996: 'fopen': This function or variable may be unsafe. Consider using fopen_s instead. To disable deprecation, use _CRT_SECURE_NO_WARNINGS. See online help for details.
                 c:\program files (x86)\microsoft visual studio 10.0\vc\include\stdio.h(234) : 参见“fopen”的声明
       ManifestResourceCompile:
         所有输出均为最新。
       Link:
         C:\Program Files (x86)\Microsoft Visual Studio 10.0\VC\bin\link.exe /ERRORREPORT:PROMPT /OUT:"Y:\Projects\GitHub\MessagePacket_for_GE\Debug\MessagePacket_for_GE.exe" /INCREMENTAL /NOLOGO zlib.lib iconv.lib libxml2.lib kernel32.lib user32.lib gdi32.lib winspool.lib comdlg32.lib advapi32.lib shell32.lib ole32.lib oleaut32.lib uuid.lib odbc32.lib odbccp32.lib /MANIFEST /ManifestFile:"Debug\MessagePacket_for_GE.exe.intermediate.manifest" /MANIFESTUAC:"level='asInvoker' uiAccess='false'" /DEBUG /PDB:"Y:\Projects\GitHub\MessagePacket_for_GE\Debug\MessagePacket_for_GE.pdb" /SUBSYSTEM:CONSOLE /TLBID:1 /DYNAMICBASE /NXCOMPAT /IMPLIB:"Y:\Projects\GitHub\MessagePacket_for_GE\Debug\MessagePacket_for_GE.lib" /MACHINE:X86 Debug\MessagePacket_for_GE.exe.embed.manifest.res
         Debug\main.obj
         Debug\MessagePacket.obj
         Debug\stdafx.obj
       Manifest:
         C:\Program Files (x86)\Microsoft SDKs\Windows\v7.0A\bin\mt.exe /nologo /verbose /out:"Debug\MessagePacket_for_GE.exe.embed.manifest" /manifest Debug\MessagePacket_for_GE.exe.intermediate.manifest
         所有输出均为最新。
       LinkEmbedManifest:
         所有输出均为最新。
         MessagePacket_for_GE.vcxproj -> Y:\Projects\GitHub\MessagePacket_for_GE\Debug\MessagePacket_for_GE.exe
       FinalizeBuildStatus:
         正在删除文件“Debug\MessagePacket_for_GE.unsuccessfulbuild”。
         正在对“Debug\MessagePacket_for_GE.lastbuildstate”执行 Touch 任务。
     1>已完成生成项目“Y:\Projects\GitHub\MessagePacket_for_GE\MessagePacket_for_GE\MessagePacket_for_GE.vcxproj”(build 个目标)的操作。

生成成功。

已用时间 00:00:01.87
